------------------------------------
Line      Error       Desc      Line (Exp)
------------------------------------
24	opc	<semantic>Unable to store input in undeclared variable 'opc'
0	Faciter	<semantic>Unable to print value of undeclared variable 'Faciter'
29	opc	<semantic>Access to undeclared variable inside statement
29	opc	<semantic>Access to undeclared variable inside statement
37	*	<semantic>Access to undeclared variable inside statement
37	-	<semantic>Access to undeclared variable inside statement
37	1	<semantic>Access to undeclared variable inside statement
37	1	<semantic>Access to undeclared variable inside statement
37	2	<semantic>Access to undeclared variable inside statement
37	entero	<semantic>Access to undeclared variable inside statement
37	;	<semantic>Access to undeclared variable inside statement
37	proc	<semantic>Access to undeclared variable inside statement
37	Selecciona	<semantic>Access to undeclared variable inside statement
37	opc	<semantic>Access to undeclared variable inside statement
37	opc	<semantic>Access to undeclared variable inside statement
37	cuando	<semantic>Access to undeclared variable inside statement
37	opc	<semantic>Access to undeclared variable inside statement
37	;	<semantic>Access to undeclared variable inside statement
37	;	<semantic>Access to undeclared variable inside statement
44	n	<semantic>n: Variable redeclaration
69	b	<semantic>Access to undeclared variable inside statement
69	a	<semantic>Access to undeclared variable inside statement
69	3	<semantic>Access to undeclared variable inside statement
69	opc	<semantic>Access to undeclared variable inside statement
69	b	<semantic>Access to undeclared variable inside statement
69	a	<semantic>Access to undeclared variable inside statement
69	2	<semantic>Access to undeclared variable inside statement
69	opc	<semantic>Access to undeclared variable inside statement
69	b	<semantic>Access to undeclared variable inside statement
69	a	<semantic>Access to undeclared variable inside statement
69	1	<semantic>Access to undeclared variable inside statement
69	opc	<semantic>Access to undeclared variable inside statement
69	real	<semantic>Access to undeclared variable inside statement
69	entero	<semantic>Access to undeclared variable inside statement
69	opc	<semantic>Access to undeclared variable inside statement
69	;	<semantic>Access to undeclared variable inside statement
69	a	<semantic>Access to undeclared variable inside statement
69	b	<semantic>Access to undeclared variable inside statement
69	;	<semantic>Access to undeclared variable inside statement
69	func	<semantic>Access to undeclared variable inside statement
69	Concat	<semantic>Access to undeclared variable inside statement
69	Alfabetico	<semantic>Access to undeclared variable inside statement
69	+	<semantic>Access to undeclared variable inside statement
69	+	<semantic>Access to undeclared variable inside statement
69	b	<semantic>Access to undeclared variable inside statement
69	a	<semantic>Access to undeclared variable inside statement
69	alfabetico	<semantic>Access to undeclared variable inside statement
69	a	<semantic>Access to undeclared variable inside statement
69	b	<semantic>Access to undeclared variable inside statement
69	;	<semantic>Access to undeclared variable inside statement
69	func	<semantic>Access to undeclared variable inside statement
69	VolCil	<semantic>Access to undeclared variable inside statement
69	Real	<semantic>Access to undeclared variable inside statement
69	*	<semantic>Access to undeclared variable inside statement
69	*	<semantic>Access to undeclared variable inside statement
69	altura	<semantic>Access to undeclared variable inside statement
69	^	<semantic>Access to undeclared variable inside statement
69	2	<semantic>Access to undeclared variable inside statement
69	radio	<semantic>Access to undeclared variable inside statement
69	Real	<semantic>Access to undeclared variable inside statement
69	radio	<semantic>Access to undeclared variable inside statement
69	altura	<semantic>Access to undeclared variable inside statement
69	;	<semantic>Access to undeclared variable inside statement
69	func	<semantic>Access to undeclared variable inside statement
69	*	<semantic>Access to undeclared variable inside statement
69	2	<semantic>Access to undeclared variable inside statement
69	1	<semantic>Access to undeclared variable inside statement
69	func	<semantic>Access to undeclared variable inside statement
88	5	<semantic>Access to undeclared variable inside statement
88	10	<semantic>Access to undeclared variable inside statement
88	1	<semantic>Access to undeclared variable inside statement
88	proc	<semantic>Access to undeclared variable inside statement
88	LeeVecMat	<semantic>Access to undeclared variable inside statement
88	Impvec	<semantic>Access to undeclared variable inside statement
88	func	<semantic>Access to undeclared variable inside statement
88	Compara	<semantic>Access to undeclared variable inside statement
88	Logico	<semantic>Access to undeclared variable inside statement
88	;	<semantic>Access to undeclared variable inside statement
93	7	<semantic>Access to undeclared variable inside statement
93	1	<semantic>Access to undeclared variable inside statement
103	Vector	<semantic>Unable to store input in undeclared variable 'Vector'
108	k	<semantic>k: Variable redeclaration
112	+	<semantic>Access to undeclared variable inside statement
112	1	<semantic>Access to undeclared variable inside statement
112	1	<semantic>Access to undeclared variable inside statement
112	proc	<semantic>Access to undeclared variable inside statement
112	dim	<semantic>Access to undeclared variable inside statement
112	1	<semantic>Access to undeclared variable inside statement
112	;	<semantic>Access to undeclared variable inside statement
112	proc	<semantic>Access to undeclared variable inside statement
112	Test	<semantic>Access to undeclared variable inside statement
112	10	<semantic>Access to undeclared variable inside statement
112	;	<semantic>Access to undeclared variable inside statement
127	Matriz	<semantic>Unable to store input in undeclared variable 'Matriz'
0	Compara	<semantic>Unable to print value of undeclared variable 'Compara'
154	alfa	<semantic>Unable to store input in undeclared variable 'alfa'
156	beta	<semantic>Unable to store input in undeclared variable 'beta'
80	valor	<syntax>Syntax error at 'valor' (VALOR), in line: 80, col 1914	   MulMat(n, valor);

80	valor	<syntax>Expected logical expression in function call	   MulMat(n, valor);

87	Inicio	<syntax>Syntax error at 'Inicio' (INICIO), in line: 87, col 2026	   Inicio

87	Inicio	<syntax>Expected incr/decr in desde	   Inicio

100	hata	<syntax>Syntax error at 'hata' (IDENT), in line: 100, col 2271	   Desde el valor de i:=1 hata n

101	Inicio	<syntax>Expected PUNTO_COMA at the end of line	   Inicio

100	n	<syntax>Expected PUNTO_COMA at the end of line	   Desde el valor de i:=1 hata n

100	hata	<syntax>Expected PUNTO_COMA at the end of line	   Desde el valor de i:=1 hata n

104	;	<syntax>Syntax error at ';' (PUNTO_COMA), in line: 104, col 2352	   Fin;

104	;	<syntax>Expected PUNTO_COMA at the end of line	   Fin;

110	(	<syntax>Syntax error at '(' (PAREN_EMPIEZA), in line: 110, col 2470	   Desde el valor de i:=1 hasta (k-1)

110	(	<syntax>Expected incr/decr in desde	   Desde el valor de i:=1 hasta (k-1)

112	Si	<syntax>Syntax error at 'Si' (SI), in line: 112, col 2524	         Si (Vector[i]>Vector[j]) hacer

112	Si	<syntax>Expected incr/decr in desde	         Si (Vector[i]>Vector[j]) hacer

113	Fin	<syntax>Syntax error at 'Fin' (FIN), in line: 113, col 2555	Fin de Procedimiento;

113	Fin	<syntax>Expected PUNTO_COMA at the end of line	Fin de Procedimiento;

110	-	<syntax>Expected PUNTO_COMA at the end of line	   Desde el valor de i:=1 hasta (k-1)

118	Imprimenl	<syntax>Syntax error at 'Imprimenl' (IMPRIMENL), in line: 118, col 2656	      Imprimenl("Vector[",i,"]= ", Vector[i]);

118	Imprimenl	<syntax>Expected incr/decr in desde	      Imprimenl("Vector[",i,"]= ", Vector[i]);

124	Desde	<syntax>Syntax error at 'Desde' (DESDE), in line: 124, col 2798	      Desde el valor de j:=1 hasta n

125	Inicio	<syntax>Syntax error at 'Inicio' (INICIO), in line: 125, col 2835	      Inicio

125	Inicio	<syntax>Expected incr/decr in desde	      Inicio

124	Desde	<syntax>Expected incr/decr in desde	      Desde el valor de j:=1 hasta n

134	Desde	<syntax>Syntax error at 'Desde' (DESDE), in line: 134, col 3032	      Desde el valor de j:=1 hasta k

135	Matriz	<syntax>Syntax error at 'Matriz' (IDENT), in line: 135, col 3072	         Matriz[i][j]:=Matriz[i][j]*v;

135	Matriz	<syntax>Expected incr/decr in desde	         Matriz[i][j]:=Matriz[i][j]*v;

134	Desde	<syntax>Expected incr/decr in desde	      Desde el valor de j:=1 hasta k

141	Desde	<syntax>Syntax error at 'Desde' (DESDE), in line: 141, col 3203	      Desde el valor de j:=1 hasta k

142	Imprimenl	<syntax>Syntax error at 'Imprimenl' (IMPRIMENL), in line: 142, col 3243	         Imprimenl("Matriz[", i, "][", j, "]= ", Matriz[i][j]);

142	Imprimenl	<syntax>Expected incr/decr in desde	         Imprimenl("Matriz[", i, "][", j, "]= ", Matriz[i][j]);

141	Desde	<syntax>Expected incr/decr in desde	      Desde el valor de j:=1 hasta k

150	;	<syntax>Syntax error at ';' (PUNTO_COMA), in line: 150, col 3482	   Imprimenl("El Volum del Cilindro= ", VolCil(r, s);

150	;	<syntax>Expected parenthesis at the end of IMPRIMENL statement 	   Imprimenl("El Volum del Cilindro= ", VolCil(r, s);

